<?xml version="1.0" encoding="UTF-8"?>
<!-- Generated by org.testng.reporters.JUnitReportReporter -->
<testsuite hostname="DESKTOP-GTO6C35" failures="0" tests="4" name="ZenQ.SampleScript.SampleScripts" time="11.803" errors="0" timestamp="2021-09-03T15:28:00 IST" skipped="0">
  <testcase classname="ZenQ.SampleScript.SampleScripts" name="launchURL" time="5.682"/>
  <system-out/>
  <testcase classname="ZenQ.SampleScript.SampleScripts" name="selectSourcePlace" time="0.804"/>
  <system-out/>
  <testcase classname="ZenQ.SampleScript.SampleScripts" name="selectDestinationPlace" time="0.545"/>
  <system-out/>
  <testcase classname="ZenQ.SampleScript.SampleScripts" name="clickOnSearchFlight" time="4.772"/>
  <system-out/>
</testsuite> <!-- ZenQ.SampleScript.SampleScripts -->
