<?xml version="1.0" encoding="UTF-8"?>
<!-- Generated by org.testng.reporters.JUnitReportReporter -->
<testsuite hostname="DESKTOP-GTO6C35" failures="0" tests="4" name="ZenQ.SampleScript.SampleScripts" time="11.935" errors="0" timestamp="2021-09-03T16:54:23 IST" skipped="0">
  <testcase classname="ZenQ.SampleScript.SampleScripts" name="launchURL" time="7.667"/>
  <system-out/>
  <testcase classname="ZenQ.SampleScript.SampleScripts" name="selectSourcePlace" time="0.829"/>
  <system-out/>
  <testcase classname="ZenQ.SampleScript.SampleScripts" name="selectDestinationPlace" time="0.432"/>
  <system-out/>
  <testcase classname="ZenQ.SampleScript.SampleScripts" name="clickOnSearchFlight" time="3.007"/>
  <system-out/>
</testsuite> <!-- ZenQ.SampleScript.SampleScripts -->
