<?xml version="1.0" encoding="UTF-8"?>
<!-- Generated by org.testng.reporters.JUnitReportReporter -->
<testsuite hostname="DESKTOP-GTO6C35" failures="0" tests="2" name="ZenQ.SampleScript.GridWithJenkins" time="71.992" errors="0" timestamp="2021-09-07T10:46:22 IST" skipped="0">
  <testcase classname="ZenQ.SampleScript.GridWithJenkins" name="appleSite" time="24.300"/>
  <system-out/>
  <testcase classname="ZenQ.SampleScript.GridWithJenkins" name="appleSite" time="47.692"/>
  <system-out/>
</testsuite> <!-- ZenQ.SampleScript.GridWithJenkins -->
