<?xml version="1.0" encoding="UTF-8"?>
<!-- Generated by org.testng.reporters.JUnitReportReporter -->
<testsuite hostname="DESKTOP-GTO6C35" failures="0" tests="4" name="ZenQ.SampleScript.SampleScripts" time="10.464" errors="0" timestamp="2021-09-03T10:44:35 IST" skipped="0">
  <testcase classname="ZenQ.SampleScript.SampleScripts" name="launchURL" time="5.961"/>
  <system-out/>
  <testcase classname="ZenQ.SampleScript.SampleScripts" name="selectSourcePlace" time="1.200"/>
  <system-out/>
  <testcase classname="ZenQ.SampleScript.SampleScripts" name="selectDestinationPlace" time="0.603"/>
  <system-out/>
  <testcase classname="ZenQ.SampleScript.SampleScripts" name="clickOnSearchFlight" time="2.700"/>
  <system-out/>
</testsuite> <!-- ZenQ.SampleScript.SampleScripts -->
