<?xml version="1.0" encoding="UTF-8"?>
<!-- Generated by org.testng.reporters.JUnitReportReporter -->
<testsuite hostname="DESKTOP-GTO6C35" failures="0" tests="2" name="ZenQ.SampleScript.GridWithJenkins" time="24.344" errors="0" timestamp="2021-09-07T13:05:46 IST" skipped="0">
  <testcase classname="ZenQ.SampleScript.GridWithJenkins" name="sampleTest" time="5.900"/>
  <system-out/>
  <testcase classname="ZenQ.SampleScript.GridWithJenkins" name="sampleTest" time="18.444"/>
  <system-out/>
</testsuite> <!-- ZenQ.SampleScript.GridWithJenkins -->
