<?xml version="1.0" encoding="UTF-8"?>
<!-- Generated by org.testng.reporters.JUnitReportReporter -->
<testsuite hostname="DESKTOP-GTO6C35" failures="0" tests="2" name="ZenQ.SampleScript.GridWithJenkins" time="29.436" errors="0" timestamp="2021-09-07T12:52:27 IST" skipped="0">
  <testcase classname="ZenQ.SampleScript.GridWithJenkins" name="sampleTest" time="15.986"/>
  <system-out/>
  <testcase classname="ZenQ.SampleScript.GridWithJenkins" name="sampleTest" time="13.450"/>
  <system-out/>
</testsuite> <!-- ZenQ.SampleScript.GridWithJenkins -->
