<?xml version="1.0" encoding="UTF-8"?>
<!-- Generated by org.testng.reporters.JUnitReportReporter -->
<testsuite hostname="DESKTOP-GTO6C35" failures="0" tests="2" name="ZenQ.SampleScript.GridWithJenkins" time="21.244" errors="0" timestamp="2021-09-07T10:49:07 IST" skipped="0">
  <testcase classname="ZenQ.SampleScript.GridWithJenkins" name="appleSite" time="11.591"/>
  <system-out/>
  <testcase classname="ZenQ.SampleScript.GridWithJenkins" name="appleSite" time="9.653"/>
  <system-out/>
</testsuite> <!-- ZenQ.SampleScript.GridWithJenkins -->
