<?xml version="1.0" encoding="UTF-8"?>
<!-- Generated by org.testng.reporters.JUnitReportReporter -->
<testsuite hostname="DESKTOP-GTO6C35" failures="0" tests="4" name="ZenQ.SampleScript.SampleScripts" time="14.947" errors="0" timestamp="2021-09-03T12:45:46 IST" skipped="0">
  <testcase classname="ZenQ.SampleScript.SampleScripts" name="launchURL" time="7.386"/>
  <system-out/>
  <testcase classname="ZenQ.SampleScript.SampleScripts" name="selectSourcePlace" time="2.103"/>
  <system-out/>
  <testcase classname="ZenQ.SampleScript.SampleScripts" name="selectDestinationPlace" time="2.034"/>
  <system-out/>
  <testcase classname="ZenQ.SampleScript.SampleScripts" name="clickOnSearchFlight" time="3.424"/>
  <system-out/>
</testsuite> <!-- ZenQ.SampleScript.SampleScripts -->
